app/build/intermediates/manifest_merge_blame_file/debug/manifest-merger-blame-debug-report.txt
1<?xml version="1.0" encoding="utf-8"?>
2<manifest xmlns:android="http://schemas.android.com/apk/res/android"
3    package="com.example.task"
4    android:versionCode="1"
5    android:versionName="1.0" >
6
7    <uses-sdk
8        android:minSdkVersion="21"
8-->src\main\AndroidManifest.xml
9        android:targetSdkVersion="32" />
9-->src\main\AndroidManifest.xml
10
11    <uses-permission android:name="android.permission.INTERNET" />
11-->src\main\AndroidManifest.xml:6:5-67
11-->src\main\AndroidManifest.xml:6:22-64
12    <uses-permission android:name="android.permission.ACCESS_NETWORK_STATE" />
12-->[com.google.firebase:firebase-auth:21.0.6] AndroidManifest.xml:24:5-79
12-->[com.google.firebase:firebase-auth:21.0.6] AndroidManifest.xml:24:22-76
13
14    <application
14-->src\main\AndroidManifest.xml:8:5-39:19
15        android:allowBackup="true"
15-->src\main\AndroidManifest.xml:9:9-35
16        android:appComponentFactory="androidx.core.app.CoreComponentFactory"
16-->[androidx.core:core:1.7.0] AndroidManifest.xml:24:18-86
17        android:dataExtractionRules="@xml/data_extraction_rules"
17-->src\main\AndroidManifest.xml:10:9-65
18        android:debuggable="true"
19        android:fullBackupContent="@xml/backup_rules"
19-->src\main\AndroidManifest.xml:11:9-54
20        android:icon="@mipmap/ic_launcher"
20-->src\main\AndroidManifest.xml:12:9-43
21        android:label="@string/app_name"
21-->src\main\AndroidManifest.xml:13:9-41
22        android:roundIcon="@mipmap/ic_launcher_round"
22-->src\main\AndroidManifest.xml:14:9-54
23        android:supportsRtl="true"
23-->src\main\AndroidManifest.xml:15:9-35
24        android:theme="@style/Theme.Task" >
24-->src\main\AndroidManifest.xml:16:9-42
25        <activity
25-->src\main\AndroidManifest.xml:18:9-20:40
26            android:name="com.example.task.ui.admin.AdminActivity"
26-->src\main\AndroidManifest.xml:19:13-51
27            android:exported="false" />
27-->src\main\AndroidManifest.xml:20:13-37
28        <activity
28-->src\main\AndroidManifest.xml:21:9-23:40
29            android:name="com.example.task.ui.allusers.AllUsersActivity"
29-->src\main\AndroidManifest.xml:22:13-57
30            android:exported="false" />
30-->src\main\AndroidManifest.xml:23:13-37
31        <activity
31-->src\main\AndroidManifest.xml:24:9-26:40
32            android:name="com.example.task.ui.profile.ProfileActivity"
32-->src\main\AndroidManifest.xml:25:13-55
33            android:exported="false" />
33-->src\main\AndroidManifest.xml:26:13-37
34        <activity
34-->src\main\AndroidManifest.xml:27:9-35:20
35            android:name="com.example.task.ui.auth.LoginActivity"
35-->src\main\AndroidManifest.xml:28:13-50
36            android:exported="true" >
36-->src\main\AndroidManifest.xml:29:13-36
37            <intent-filter>
37-->src\main\AndroidManifest.xml:30:13-34:29
38                <action android:name="android.intent.action.MAIN" />
38-->src\main\AndroidManifest.xml:31:17-69
38-->src\main\AndroidManifest.xml:31:25-66
39
40                <category android:name="android.intent.category.LAUNCHER" />
40-->src\main\AndroidManifest.xml:33:17-77
40-->src\main\AndroidManifest.xml:33:27-74
41            </intent-filter>
42        </activity>
43        <activity
43-->src\main\AndroidManifest.xml:36:9-38:39
44            android:name="com.example.task.ui.main.MainActivity"
44-->src\main\AndroidManifest.xml:37:13-49
45            android:exported="true" />
45-->src\main\AndroidManifest.xml:38:13-36
46
47        <service
47-->[com.google.firebase:firebase-auth-ktx:21.0.6] AndroidManifest.xml:8:9-14:19
48            android:name="com.google.firebase.components.ComponentDiscoveryService"
48-->[com.google.firebase:firebase-auth-ktx:21.0.6] AndroidManifest.xml:9:13-84
49            android:directBootAware="true"
49-->[com.google.firebase:firebase-common:20.1.1] AndroidManifest.xml:35:13-43
50            android:exported="false" >
50-->[com.google.firebase:firebase-auth-ktx:21.0.6] AndroidManifest.xml:10:13-37
51            <meta-data
51-->[com.google.firebase:firebase-auth-ktx:21.0.6] AndroidManifest.xml:11:13-13:85
52                android:name="com.google.firebase.components:com.google.firebase.auth.ktx.FirebaseAuthKtxRegistrar"
52-->[com.google.firebase:firebase-auth-ktx:21.0.6] AndroidManifest.xml:12:17-116
53                android:value="com.google.firebase.components.ComponentRegistrar" />
53-->[com.google.firebase:firebase-auth-ktx:21.0.6] AndroidManifest.xml:13:17-82
54            <meta-data
54-->[com.google.firebase:firebase-storage-ktx:20.0.1] AndroidManifest.xml:15:13-17:85
55                android:name="com.google.firebase.components:com.google.firebase.storage.ktx.FirebaseStorageKtxRegistrar"
55-->[com.google.firebase:firebase-storage-ktx:20.0.1] AndroidManifest.xml:16:17-122
56                android:value="com.google.firebase.components.ComponentRegistrar" />
56-->[com.google.firebase:firebase-storage-ktx:20.0.1] AndroidManifest.xml:17:17-82
57            <meta-data
57-->[com.google.firebase:firebase-firestore-ktx:24.2.1] AndroidManifest.xml:15:13-17:85
58                android:name="com.google.firebase.components:com.google.firebase.firestore.ktx.FirebaseFirestoreKtxRegistrar"
58-->[com.google.firebase:firebase-firestore-ktx:24.2.1] AndroidManifest.xml:16:17-126
59                android:value="com.google.firebase.components.ComponentRegistrar" />
59-->[com.google.firebase:firebase-firestore-ktx:24.2.1] AndroidManifest.xml:17:17-82
60            <meta-data
60-->[com.google.firebase:firebase-database-ktx:20.0.5] AndroidManifest.xml:15:13-17:85
61                android:name="com.google.firebase.components:com.google.firebase.database.ktx.FirebaseDatabaseKtxRegistrar"
61-->[com.google.firebase:firebase-database-ktx:20.0.5] AndroidManifest.xml:16:17-124
62                android:value="com.google.firebase.components.ComponentRegistrar" />
62-->[com.google.firebase:firebase-database-ktx:20.0.5] AndroidManifest.xml:17:17-82
63            <meta-data
63-->[com.google.firebase:firebase-common-ktx:20.1.1] AndroidManifest.xml:15:13-17:85
64                android:name="com.google.firebase.components:com.google.firebase.ktx.FirebaseCommonKtxRegistrar"
64-->[com.google.firebase:firebase-common-ktx:20.1.1] AndroidManifest.xml:16:17-113
65                android:value="com.google.firebase.components.ComponentRegistrar" />
65-->[com.google.firebase:firebase-common-ktx:20.1.1] AndroidManifest.xml:17:17-82
66            <meta-data
66-->[com.google.firebase:firebase-auth:21.0.6] AndroidManifest.xml:67:13-69:85
67                android:name="com.google.firebase.components:com.google.firebase.auth.FirebaseAuthRegistrar"
67-->[com.google.firebase:firebase-auth:21.0.6] AndroidManifest.xml:68:17-109
68                android:value="com.google.firebase.components.ComponentRegistrar" />
68-->[com.google.firebase:firebase-auth:21.0.6] AndroidManifest.xml:69:17-82
69            <meta-data
69-->[com.google.firebase:firebase-storage:20.0.1] AndroidManifest.xml:33:13-35:85
70                android:name="com.google.firebase.components:com.google.firebase.storage.StorageRegistrar"
70-->[com.google.firebase:firebase-storage:20.0.1] AndroidManifest.xml:34:17-107
71                android:value="com.google.firebase.components.ComponentRegistrar" />
71-->[com.google.firebase:firebase-storage:20.0.1] AndroidManifest.xml:35:17-82
72            <meta-data
72-->[com.google.firebase:firebase-firestore:24.2.1] AndroidManifest.xml:20:13-22:85
73                android:name="com.google.firebase.components:com.google.firebase.firestore.FirestoreRegistrar"
73-->[com.google.firebase:firebase-firestore:24.2.1] AndroidManifest.xml:21:17-111
74                android:value="com.google.firebase.components.ComponentRegistrar" />
74-->[com.google.firebase:firebase-firestore:24.2.1] AndroidManifest.xml:22:17-82
75            <meta-data
75-->[com.google.firebase:firebase-database:20.0.5] AndroidManifest.xml:32:13-34:85
76                android:name="com.google.firebase.components:com.google.firebase.database.DatabaseRegistrar"
76-->[com.google.firebase:firebase-database:20.0.5] AndroidManifest.xml:33:17-109
77                android:value="com.google.firebase.components.ComponentRegistrar" />
77-->[com.google.firebase:firebase-database:20.0.5] AndroidManifest.xml:34:17-82
78        </service>
79
80        <provider
80-->[com.squareup.picasso:picasso:2.8] AndroidManifest.xml:8:9-11:40
81            android:name="com.squareup.picasso.PicassoProvider"
81-->[com.squareup.picasso:picasso:2.8] AndroidManifest.xml:9:13-64
82            android:authorities="com.example.task.com.squareup.picasso"
82-->[com.squareup.picasso:picasso:2.8] AndroidManifest.xml:10:13-72
83            android:exported="false" />
83-->[com.squareup.picasso:picasso:2.8] AndroidManifest.xml:11:13-37
84
85        <activity
85-->[com.google.firebase:firebase-auth:21.0.6] AndroidManifest.xml:27:9-44:20
86            android:name="com.google.firebase.auth.internal.GenericIdpActivity"
86-->[com.google.firebase:firebase-auth:21.0.6] AndroidManifest.xml:28:13-80
87            android:excludeFromRecents="true"
87-->[com.google.firebase:firebase-auth:21.0.6] AndroidManifest.xml:29:13-46
88            android:exported="true"
88-->[com.google.firebase:firebase-auth:21.0.6] AndroidManifest.xml:30:13-36
89            android:launchMode="singleTask"
89-->[com.google.firebase:firebase-auth:21.0.6] AndroidManifest.xml:31:13-44
90            android:theme="@android:style/Theme.Translucent.NoTitleBar" >
90-->[com.google.firebase:firebase-auth:21.0.6] AndroidManifest.xml:32:13-72
91            <intent-filter>
91-->[com.google.firebase:firebase-auth:21.0.6] AndroidManifest.xml:33:13-43:29
92                <action android:name="android.intent.action.VIEW" />
92-->[com.google.firebase:firebase-auth:21.0.6] AndroidManifest.xml:34:17-69
92-->[com.google.firebase:firebase-auth:21.0.6] AndroidManifest.xml:34:25-66
93
94                <category android:name="android.intent.category.DEFAULT" />
94-->[com.google.firebase:firebase-auth:21.0.6] AndroidManifest.xml:36:17-76
94-->[com.google.firebase:firebase-auth:21.0.6] AndroidManifest.xml:36:27-73
95                <category android:name="android.intent.category.BROWSABLE" />
95-->[com.google.firebase:firebase-auth:21.0.6] AndroidManifest.xml:37:17-78
95-->[com.google.firebase:firebase-auth:21.0.6] AndroidManifest.xml:37:27-75
96
97                <data
97-->[com.google.firebase:firebase-auth:21.0.6] AndroidManifest.xml:39:17-42:51
98                    android:host="firebase.auth"
98-->[com.google.firebase:firebase-auth:21.0.6] AndroidManifest.xml:40:21-49
99                    android:path="/"
99-->[com.google.firebase:firebase-auth:21.0.6] AndroidManifest.xml:41:21-37
100                    android:scheme="genericidp" />
100-->[com.google.firebase:firebase-auth:21.0.6] AndroidManifest.xml:42:21-48
101            </intent-filter>
102        </activity>
103        <activity
103-->[com.google.firebase:firebase-auth:21.0.6] AndroidManifest.xml:45:9-62:20
104            android:name="com.google.firebase.auth.internal.RecaptchaActivity"
104-->[com.google.firebase:firebase-auth:21.0.6] AndroidManifest.xml:46:13-79
105            android:excludeFromRecents="true"
105-->[com.google.firebase:firebase-auth:21.0.6] AndroidManifest.xml:47:13-46
106            android:exported="true"
106-->[com.google.firebase:firebase-auth:21.0.6] AndroidManifest.xml:48:13-36
107            android:launchMode="singleTask"
107-->[com.google.firebase:firebase-auth:21.0.6] AndroidManifest.xml:49:13-44
108            android:theme="@android:style/Theme.Translucent.NoTitleBar" >
108-->[com.google.firebase:firebase-auth:21.0.6] AndroidManifest.xml:50:13-72
109            <intent-filter>
109-->[com.google.firebase:firebase-auth:21.0.6] AndroidManifest.xml:51:13-61:29
110                <action android:name="android.intent.action.VIEW" />
110-->[com.google.firebase:firebase-auth:21.0.6] AndroidManifest.xml:34:17-69
110-->[com.google.firebase:firebase-auth:21.0.6] AndroidManifest.xml:34:25-66
111
112                <category android:name="android.intent.category.DEFAULT" />
112-->[com.google.firebase:firebase-auth:21.0.6] AndroidManifest.xml:36:17-76
112-->[com.google.firebase:firebase-auth:21.0.6] AndroidManifest.xml:36:27-73
113                <category android:name="android.intent.category.BROWSABLE" />
113-->[com.google.firebase:firebase-auth:21.0.6] AndroidManifest.xml:37:17-78
113-->[com.google.firebase:firebase-auth:21.0.6] AndroidManifest.xml:37:27-75
114
115                <data
115-->[com.google.firebase:firebase-auth:21.0.6] AndroidManifest.xml:39:17-42:51
116                    android:host="firebase.auth"
116-->[com.google.firebase:firebase-auth:21.0.6] AndroidManifest.xml:40:21-49
117                    android:path="/"
117-->[com.google.firebase:firebase-auth:21.0.6] AndroidManifest.xml:41:21-37
118                    android:scheme="recaptcha" />
118-->[com.google.firebase:firebase-auth:21.0.6] AndroidManifest.xml:42:21-48
119            </intent-filter>
120        </activity>
121
122        <provider
122-->[com.google.firebase:firebase-common:20.1.1] AndroidManifest.xml:26:9-31:39
123            android:name="com.google.firebase.provider.FirebaseInitProvider"
123-->[com.google.firebase:firebase-common:20.1.1] AndroidManifest.xml:27:13-77
124            android:authorities="com.example.task.firebaseinitprovider"
124-->[com.google.firebase:firebase-common:20.1.1] AndroidManifest.xml:28:13-72
125            android:directBootAware="true"
125-->[com.google.firebase:firebase-common:20.1.1] AndroidManifest.xml:29:13-43
126            android:exported="false"
126-->[com.google.firebase:firebase-common:20.1.1] AndroidManifest.xml:30:13-37
127            android:initOrder="100" />
127-->[com.google.firebase:firebase-common:20.1.1] AndroidManifest.xml:31:13-36
128
129        <activity
129-->[com.google.android.gms:play-services-base:18.0.1] AndroidManifest.xml:20:9-22:45
130            android:name="com.google.android.gms.common.api.GoogleApiActivity"
130-->[com.google.android.gms:play-services-base:18.0.1] AndroidManifest.xml:20:19-85
131            android:exported="false"
131-->[com.google.android.gms:play-services-base:18.0.1] AndroidManifest.xml:22:19-43
132            android:theme="@android:style/Theme.Translucent.NoTitleBar" />
132-->[com.google.android.gms:play-services-base:18.0.1] AndroidManifest.xml:21:19-78
133
134        <meta-data
134-->[com.google.android.gms:play-services-basement:18.0.0] AndroidManifest.xml:21:9-23:69
135            android:name="com.google.android.gms.version"
135-->[com.google.android.gms:play-services-basement:18.0.0] AndroidManifest.xml:22:13-58
136            android:value="@integer/google_play_services_version" />
136-->[com.google.android.gms:play-services-basement:18.0.0] AndroidManifest.xml:23:13-66
137
138        <provider
138-->[androidx.emoji2:emoji2:1.0.0] AndroidManifest.xml:26:9-34:20
139            android:name="androidx.startup.InitializationProvider"
139-->[androidx.emoji2:emoji2:1.0.0] AndroidManifest.xml:27:13-67
140            android:authorities="com.example.task.androidx-startup"
140-->[androidx.emoji2:emoji2:1.0.0] AndroidManifest.xml:28:13-68
141            android:exported="false" >
141-->[androidx.emoji2:emoji2:1.0.0] AndroidManifest.xml:29:13-37
142            <meta-data
142-->[androidx.emoji2:emoji2:1.0.0] AndroidManifest.xml:31:13-33:52
143                android:name="androidx.emoji2.text.EmojiCompatInitializer"
143-->[androidx.emoji2:emoji2:1.0.0] AndroidManifest.xml:32:17-75
144                android:value="androidx.startup" />
144-->[androidx.emoji2:emoji2:1.0.0] AndroidManifest.xml:33:17-49
145            <meta-data
145-->[androidx.lifecycle:lifecycle-process:2.4.0] AndroidManifest.xml:31:13-33:52
146                android:name="androidx.lifecycle.ProcessLifecycleInitializer"
146-->[androidx.lifecycle:lifecycle-process:2.4.0] AndroidManifest.xml:32:17-78
147                android:value="androidx.startup" />
147-->[androidx.lifecycle:lifecycle-process:2.4.0] AndroidManifest.xml:33:17-49
148        </provider>
149    </application>
150
151</manifest>